0 info it worked if it ends with ok
1 verbose cli [ '/Users/tylerw/.nvm/versions/node/v6.2.1/bin/node',
1 verbose cli   '/Users/tylerw/.nvm/versions/node/v6.2.1/bin/npm',
1 verbose cli   'run',
1 verbose cli   'lint' ]
2 info using npm@3.8.9
3 info using node@v6.2.1
4 verbose run-script [ 'prelint', 'lint', 'postlint' ]
5 info lifecycle react-optimized-scrollable@0.0.1~prelint: react-optimized-scrollable@0.0.1
6 silly lifecycle react-optimized-scrollable@0.0.1~prelint: no script for prelint, continuing
7 info lifecycle react-optimized-scrollable@0.0.1~lint: react-optimized-scrollable@0.0.1
8 verbose lifecycle react-optimized-scrollable@0.0.1~lint: unsafe-perm in lifecycle true
9 verbose lifecycle react-optimized-scrollable@0.0.1~lint: PATH: /Users/tylerw/.nvm/versions/node/v6.2.1/lib/node_modules/npm/bin/node-gyp-bin:/Users/tylerw/github/gitkraken_projects/scrollable/node_modules/.bin:/Users/tylerw/.nvm/versions/node/v6.2.1/bin:/Users/tylerw/.nvm/versions/node/v6.2.1/bin:/usr/local/bin:/usr/bin:/bin:/usr/sbin:/sbin
10 verbose lifecycle react-optimized-scrollable@0.0.1~lint: CWD: /Users/tylerw/github/gitkraken_projects/scrollable
11 silly lifecycle react-optimized-scrollable@0.0.1~lint: Args: [ '-c', 'eslint --ext .jsx --ext .js src/js --quiet' ]
12 silly lifecycle react-optimized-scrollable@0.0.1~lint: Returned: code: 1  signal: null
13 info lifecycle react-optimized-scrollable@0.0.1~lint: Failed to exec lint script
14 verbose stack Error: react-optimized-scrollable@0.0.1 lint: `eslint --ext .jsx --ext .js src/js --quiet`
14 verbose stack Exit status 1
14 verbose stack     at EventEmitter.<anonymous> (/Users/tylerw/.nvm/versions/node/v6.2.1/lib/node_modules/npm/lib/utils/lifecycle.js:245:16)
14 verbose stack     at emitTwo (events.js:106:13)
14 verbose stack     at EventEmitter.emit (events.js:191:7)
14 verbose stack     at ChildProcess.<anonymous> (/Users/tylerw/.nvm/versions/node/v6.2.1/lib/node_modules/npm/lib/utils/spawn.js:24:14)
14 verbose stack     at emitTwo (events.js:106:13)
14 verbose stack     at ChildProcess.emit (events.js:191:7)
14 verbose stack     at maybeClose (internal/child_process.js:852:16)
14 verbose stack     at Process.ChildProcess._handle.onexit (internal/child_process.js:215:5)
15 verbose pkgid react-optimized-scrollable@0.0.1
16 verbose cwd /Users/tylerw/github/gitkraken_projects/scrollable
17 error Darwin 15.3.0
18 error argv "/Users/tylerw/.nvm/versions/node/v6.2.1/bin/node" "/Users/tylerw/.nvm/versions/node/v6.2.1/bin/npm" "run" "lint"
19 error node v6.2.1
20 error npm  v3.8.9
21 error code ELIFECYCLE
22 error react-optimized-scrollable@0.0.1 lint: `eslint --ext .jsx --ext .js src/js --quiet`
22 error Exit status 1
23 error Failed at the react-optimized-scrollable@0.0.1 lint script 'eslint --ext .jsx --ext .js src/js --quiet'.
23 error Make sure you have the latest version of node.js and npm installed.
23 error If you do, this is most likely a problem with the react-optimized-scrollable package,
23 error not with npm itself.
23 error Tell the author that this fails on your system:
23 error     eslint --ext .jsx --ext .js src/js --quiet
23 error You can get information on how to open an issue for this project with:
23 error     npm bugs react-optimized-scrollable
23 error Or if that isn't available, you can get their info via:
23 error     npm owner ls react-optimized-scrollable
23 error There is likely additional logging output above.
24 verbose exit [ 1, true ]
